[2021-01-07 17:12:39] local.ERROR: Undefined index: name {"exception":"[object] (ErrorException(code: 0): Undefined index: name at C:\\xampp\\htdocs\\TictacToe\\vendor\\laravel\\framework\\src\\Illuminate\\Foundation\\PackageManifest.php:120)
[stacktrace]
#0 C:\\xampp\\htdocs\\TictacToe\\vendor\\laravel\\framework\\src\\Illuminate\\Foundation\\PackageManifest.php(120): Illuminate\\Foundation\\Bootstrap\\HandleExceptions->handleError(8, 'Undefined index...', 'C:\\\\xampp\\\\htdocs...', 120, Array)
#1 C:\\xampp\\htdocs\\TictacToe\\vendor\\laravel\\framework\\src\\Illuminate\\Support\\Collection.php(988): Illuminate\\Foundation\\PackageManifest->Illuminate\\Foundation\\{closure}(Array, 'packages')
#2 C:\\xampp\\htdocs\\TictacToe\\vendor\\laravel\\framework\\src\\Illuminate\\Foundation\\PackageManifest.php(121): Illuminate\\Support\\Collection->mapWithKeys(Object(Closure))
#3 C:\\xampp\\htdocs\\TictacToe\\vendor\\laravel\\framework\\src\\Illuminate\\Foundation\\PackageManifest.php(97): Illuminate\\Foundation\\PackageManifest->build()
#4 C:\\xampp\\htdocs\\TictacToe\\vendor\\laravel\\framework\\src\\Illuminate\\Foundation\\PackageManifest.php(80): Illuminate\\Foundation\\PackageManifest->getManifest()
#5 C:\\xampp\\htdocs\\TictacToe\\vendor\\laravel\\framework\\src\\Illuminate\\Foundation\\Bootstrap\\RegisterFacades.php(26): Illuminate\\Foundation\\PackageManifest->aliases()
#6 C:\\xampp\\htdocs\\TictacToe\\vendor\\laravel\\framework\\src\\Illuminate\\Foundation\\Application.php(206): Illuminate\\Foundation\\Bootstrap\\RegisterFacades->bootstrap(Object(Illuminate\\Foundation\\Application))
#7 C:\\xampp\\htdocs\\TictacToe\\vendor\\laravel\\framework\\src\\Illuminate\\Foundation\\Console\\Kernel.php(297): Illuminate\\Foundation\\Application->bootstrapWith(Array)
#8 C:\\xampp\\htdocs\\TictacToe\\vendor\\laravel\\framework\\src\\Illuminate\\Foundation\\Console\\Kernel.php(120): Illuminate\\Foundation\\Console\\Kernel->bootstrap()
#9 C:\\xampp\\htdocs\\TictacToe\\artisan(37): Illuminate\\Foundation\\Console\\Kernel->handle(Object(Symfony\\Component\\Console\\Input\\ArgvInput), Object(Symfony\\Component\\Console\\Output\\ConsoleOutput))
#10 {main}
"} 
[2021-01-07 17:41:07] local.ERROR: The "--seed" option does not exist. {"exception":"[object] (Symfony\\Component\\Console\\Exception\\RuntimeException(code: 0): The \"--seed\" option does not exist. at C:\\xampp\\htdocs\\TictacToe\\vendor\\symfony\\console\\Input\\ArgvInput.php:201)
[stacktrace]
#0 C:\\xampp\\htdocs\\TictacToe\\vendor\\symfony\\console\\Input\\ArgvInput.php(145): Symfony\\Component\\Console\\Input\\ArgvInput->addLongOption('seed', NULL)
#1 C:\\xampp\\htdocs\\TictacToe\\vendor\\symfony\\console\\Input\\ArgvInput.php(79): Symfony\\Component\\Console\\Input\\ArgvInput->parseLongOption('--seed')
#2 C:\\xampp\\htdocs\\TictacToe\\vendor\\symfony\\console\\Input\\Input.php(55): Symfony\\Component\\Console\\Input\\ArgvInput->parse()
#3 C:\\xampp\\htdocs\\TictacToe\\vendor\\symfony\\console\\Command\\Command.php(214): Symfony\\Component\\Console\\Input\\Input->bind(Object(Symfony\\Component\\Console\\Input\\InputDefinition))
#4 C:\\xampp\\htdocs\\TictacToe\\vendor\\laravel\\framework\\src\\Illuminate\\Console\\Command.php(166): Symfony\\Component\\Console\\Command\\Command->run(Object(Symfony\\Component\\Console\\Input\\ArgvInput), Object(Illuminate\\Console\\OutputStyle))
#5 C:\\xampp\\htdocs\\TictacToe\\vendor\\symfony\\console\\Application.php(1009): Illuminate\\Console\\Command->run(Object(Symfony\\Component\\Console\\Input\\ArgvInput), Object(Symfony\\Component\\Console\\Output\\ConsoleOutput))
#6 C:\\xampp\\htdocs\\TictacToe\\vendor\\symfony\\console\\Application.php(273): Symfony\\Component\\Console\\Application->doRunCommand(Object(Illuminate\\Database\\Console\\Seeds\\SeedCommand), Object(Symfony\\Component\\Console\\Input\\ArgvInput), Object(Symfony\\Component\\Console\\Output\\ConsoleOutput))
#7 C:\\xampp\\htdocs\\TictacToe\\vendor\\symfony\\console\\Application.php(149): Symfony\\Component\\Console\\Application->doRun(Object(Symfony\\Component\\Console\\Input\\ArgvInput), Object(Symfony\\Component\\Console\\Output\\ConsoleOutput))
#8 C:\\xampp\\htdocs\\TictacToe\\vendor\\laravel\\framework\\src\\Illuminate\\Console\\Application.php(89): Symfony\\Component\\Console\\Application->run(Object(Symfony\\Component\\Console\\Input\\ArgvInput), Object(Symfony\\Component\\Console\\Output\\ConsoleOutput))
#9 C:\\xampp\\htdocs\\TictacToe\\vendor\\laravel\\framework\\src\\Illuminate\\Foundation\\Console\\Kernel.php(122): Illuminate\\Console\\Application->run(Object(Symfony\\Component\\Console\\Input\\ArgvInput), Object(Symfony\\Component\\Console\\Output\\ConsoleOutput))
#10 C:\\xampp\\htdocs\\TictacToe\\artisan(37): Illuminate\\Foundation\\Console\\Kernel->handle(Object(Symfony\\Component\\Console\\Input\\ArgvInput), Object(Symfony\\Component\\Console\\Output\\ConsoleOutput))
#11 {main}
"} 
